[ 2016-06-07T21:39:14+08:00 ] ::1 /
INFO: [ app_init ] --START--
INFO: Run Behavior\BuildLiteBehavior [ RunTime:0.000011s ]
INFO: [ app_init ] --END-- [ RunTime:0.000676s ]
INFO: [ app_begin ] --START--
INFO: Run Behavior\ReadHtmlCacheBehavior [ RunTime:0.000481s ]
INFO: [ app_begin ] --END-- [ RunTime:0.000525s ]
INFO: [ view_parse ] --START--
INFO: [ template_filter ] --START--
INFO: Run Behavior\ContentReplaceBehavior [ RunTime:0.000264s ]
INFO: [ template_filter ] --END-- [ RunTime:0.000313s ]
INFO: Run Behavior\ParseTemplateBehavior [ RunTime:0.008475s ]
INFO: [ view_parse ] --END-- [ RunTime:0.008540s ]
INFO: [ view_filter ] --START--
INFO: Run Behavior\WriteHtmlCacheBehavior [ RunTime:0.000319s ]
INFO: [ view_filter ] --END-- [ RunTime:0.000364s ]
INFO: [ app_end ] --START--
INFO: Run Behavior\ShowPageTraceBehavior [ RunTime:0.000592s ]
INFO: [ app_end ] --END-- [ RunTime:0.000619s ]

[ 2016-06-07T22:23:08+08:00 ] ::1 /
INFO: [ app_init ] --START--
INFO: Run Behavior\BuildLiteBehavior [ RunTime:0.000014s ]
INFO: [ app_init ] --END-- [ RunTime:0.000596s ]
INFO: [ app_begin ] --START--
INFO: Run Behavior\ReadHtmlCacheBehavior [ RunTime:0.000594s ]
INFO: [ app_begin ] --END-- [ RunTime:0.000636s ]
INFO: [ view_parse ] --START--
INFO: [ template_filter ] --START--
INFO: Run Behavior\ContentReplaceBehavior [ RunTime:0.000049s ]
INFO: [ template_filter ] --END-- [ RunTime:0.000121s ]
INFO: Run Behavior\ParseTemplateBehavior [ RunTime:0.007072s ]
INFO: [ view_parse ] --END-- [ RunTime:0.007159s ]
INFO: [ view_filter ] --START--
INFO: Run Behavior\WriteHtmlCacheBehavior [ RunTime:0.000771s ]
INFO: [ view_filter ] --END-- [ RunTime:0.000874s ]
INFO: [ app_end ] --START--
INFO: Run Behavior\ShowPageTraceBehavior [ RunTime:0.000739s ]
INFO: [ app_end ] --END-- [ RunTime:0.000781s ]

